<!DOCTYPE html>

<html>
  <head>
  <meta charset='utf-8'>
  <title>TestNG reports</title>

    <link type="text/css" href="testng-reports.css" rel="stylesheet" />
    <script type="text/javascript" src="jquery-1.7.1.min.js"></script>
    <script type="text/javascript" src="testng-reports.js"></script>
    <script type="text/javascript" src="https://www.google.com/jsapi"></script>
    <script type='text/javascript'>
      google.load('visualization', '1', {packages:['table']});
      google.setOnLoadCallback(drawTable);
      var suiteTableInitFunctions = new Array();
      var suiteTableData = new Array();
    </script>
    <!--
      <script type="text/javascript" src="jquery-ui/js/jquery-ui-1.8.16.custom.min.js"></script>
     -->
  </head>

  <body>
    <div class="top-banner-root">
      <span class="top-banner-title-font">Test results</span>
      <br/>
      <span class="top-banner-font-1">1 suite, 5 failed tests</span>
    </div> <!-- top-banner-root -->
    <div class="navigator-root">
      <div class="navigator-suite-header">
        <span>All suites</span>
        <a href="#" class="collapse-all-link" title="Collapse/expand all the suites">
          <img class="collapse-all-icon" src="collapseall.gif">
          </img> <!-- collapse-all-icon -->
        </a> <!-- collapse-all-link -->
      </div> <!-- navigator-suite-header -->
      <div class="suite">
        <div class="rounded-window">
          <div class="suite-header light-rounded-window-top">
            <a href="#" class="navigator-link" panel-name="suite-AG_Automation_-_Regression_Suite">
              <span class="suite-name border-failed">AG Automation - Regression Suite</span>
            </a> <!-- navigator-link -->
          </div> <!-- suite-header light-rounded-window-top -->
          <div class="navigator-suite-content">
            <div class="suite-section-title">
              <span>Info</span>
            </div> <!-- suite-section-title -->
            <div class="suite-section-content">
              <ul>
                <li>
                  <a href="#" class="navigator-link " panel-name="test-xml-AG_Automation_-_Regression_Suite">
                    <span>C:\dev\views\PAM-Automation-master\SATFramework\testng.xml</span>
                  </a> <!-- navigator-link  -->
                </li>
                <li>
                  <a href="#" class="navigator-link " panel-name="testlist-AG_Automation_-_Regression_Suite">
                    <span class="test-stats">1 test</span>
                  </a> <!-- navigator-link  -->
                </li>
                <li>
                  <a href="#" class="navigator-link " panel-name="group-AG_Automation_-_Regression_Suite">
                    <span>0 groups</span>
                  </a> <!-- navigator-link  -->
                </li>
                <li>
                  <a href="#" class="navigator-link " panel-name="times-AG_Automation_-_Regression_Suite">
                    <span>Times</span>
                  </a> <!-- navigator-link  -->
                </li>
                <li>
                  <a href="#" class="navigator-link " panel-name="reporter-AG_Automation_-_Regression_Suite">
                    <span>Reporter output</span>
                  </a> <!-- navigator-link  -->
                </li>
                <li>
                  <a href="#" class="navigator-link " panel-name="ignored-methods-AG_Automation_-_Regression_Suite">
                    <span>Ignored methods</span>
                  </a> <!-- navigator-link  -->
                </li>
                <li>
                  <a href="#" class="navigator-link " panel-name="chronological-AG_Automation_-_Regression_Suite">
                    <span>Chronological view</span>
                  </a> <!-- navigator-link  -->
                </li>
              </ul>
            </div> <!-- suite-section-content -->
            <div class="result-section">
              <div class="suite-section-title">
                <span>Results</span>
              </div> <!-- suite-section-title -->
              <div class="suite-section-content">
                <ul>
                  <li>
                    <span class="method-stats">6 methods, 5 failed,   1 passed</span>
                  </li>
                  <li>
                    <span class="method-list-title failed">Failed methods</span>
                    <span class="show-or-hide-methods failed">
                      <a href="#" panel-name="suite-AG_Automation_-_Regression_Suite" class="hide-methods failed suite-AG_Automation_-_Regression_Suite"> (hide)</a> <!-- hide-methods failed suite-AG_Automation_-_Regression_Suite -->
                      <a href="#" panel-name="suite-AG_Automation_-_Regression_Suite" class="show-methods failed suite-AG_Automation_-_Regression_Suite"> (show)</a> <!-- show-methods failed suite-AG_Automation_-_Regression_Suite -->
                    </span>
                    <div class="method-list-content failed suite-AG_Automation_-_Regression_Suite">
                      <span>
                        <img width="3%" src="failed.png"/>
                        <a href="#" class="method navigator-link" panel-name="suite-AG_Automation_-_Regression_Suite" title="sat.test.automation.scripts.AGScriptRunner" hash-for-method="run(TS_DealDBDeletion, DBDeal, Deal Deletion from DB)">run(TS_DealDBDeletion, DBDeal, Deal Deletion from DB)</a> <!-- method navigator-link -->
                      </span>
                      <br/>
                      <span>
                        <img width="3%" src="failed.png"/>
                        <a href="#" class="method navigator-link" panel-name="suite-AG_Automation_-_Regression_Suite" title="sat.test.automation.scripts.AGScriptRunner" hash-for-method="run(TS_Workaround, Workaround, Workaround for Deal deletion in AgencyGateway)">run(TS_Workaround, Workaround, Workaround for Deal deletion in AgencyGateway)</a> <!-- method navigator-link -->
                      </span>
                      <br/>
                      <span>
                        <img width="3%" src="failed.png"/>
                        <a href="#" class="method navigator-link" panel-name="suite-AG_Automation_-_Regression_Suite" title="sat.test.automation.scripts.AGScriptRunner" hash-for-method="run(TS_UserAssignmentCreation_02, UserAssignment, User Assignment Creation)">run(TS_UserAssignmentCreation_02, UserAssignment, User Assignment Creation)</a> <!-- method navigator-link -->
                      </span>
                      <br/>
                      <span>
                        <img width="3%" src="failed.png"/>
                        <a href="#" class="method navigator-link" panel-name="suite-AG_Automation_-_Regression_Suite" title="sat.test.automation.scripts.AGScriptRunner" hash-for-method="run(TS_UserAssignmentBatchDeletion, UserAssignment, User Assignment Batch Deletion.)">run(TS_UserAssignmentBatchDeletion, UserAssignment, User Assignment Batch Deletion.)</a> <!-- method navigator-link -->
                      </span>
                      <br/>
                      <span>
                        <img width="3%" src="failed.png"/>
                        <a href="#" class="method navigator-link" panel-name="suite-AG_Automation_-_Regression_Suite" title="sat.test.automation.scripts.AGScriptRunner" hash-for-method="run(TS_FinalApprovePageVerify_01, FinalApprovePageVerify, Verifying Layout of AgencyGateway screen.)">run(TS_FinalApprovePageVerify_01, FinalApprovePageVerify, Verifying Layout of AgencyGateway screen.)</a> <!-- method navigator-link -->
                      </span>
                      <br/>
                    </div> <!-- method-list-content failed suite-AG_Automation_-_Regression_Suite -->
                  </li>
                  <li>
                    <span class="method-list-title passed">Passed methods</span>
                    <span class="show-or-hide-methods passed">
                      <a href="#" panel-name="suite-AG_Automation_-_Regression_Suite" class="hide-methods passed suite-AG_Automation_-_Regression_Suite"> (hide)</a> <!-- hide-methods passed suite-AG_Automation_-_Regression_Suite -->
                      <a href="#" panel-name="suite-AG_Automation_-_Regression_Suite" class="show-methods passed suite-AG_Automation_-_Regression_Suite"> (show)</a> <!-- show-methods passed suite-AG_Automation_-_Regression_Suite -->
                    </span>
                    <div class="method-list-content passed suite-AG_Automation_-_Regression_Suite">
                      <span>
                        <img width="3%" src="passed.png"/>
                        <a href="#" class="method navigator-link" panel-name="suite-AG_Automation_-_Regression_Suite" title="sat.test.automation.scripts.AGScriptRunner" hash-for-method="run(TS_UserAssignmentBatchDeletion, UserAssignment, User Assignment Batch Deletion.)">run(TS_UserAssignmentBatchDeletion, UserAssignment, User Assignment Batch Deletion.)</a> <!-- method navigator-link -->
                      </span>
                      <br/>
                    </div> <!-- method-list-content passed suite-AG_Automation_-_Regression_Suite -->
                  </li>
                </ul>
              </div> <!-- suite-section-content -->
            </div> <!-- result-section -->
          </div> <!-- navigator-suite-content -->
        </div> <!-- rounded-window -->
      </div> <!-- suite -->
    </div> <!-- navigator-root -->
    <div class="wrapper">
      <div class="main-panel-root">
        <div panel-name="suite-AG_Automation_-_Regression_Suite" class="panel AG_Automation_-_Regression_Suite">
          <div class="suite-AG_Automation_-_Regression_Suite-class-failed">
            <div class="main-panel-header rounded-window-top">
              <img src="failed.png"/>
              <span class="class-name">sat.test.automation.scripts.AGScriptRunner</span>
            </div> <!-- main-panel-header rounded-window-top -->
            <div class="main-panel-content rounded-window-bottom">
              <div class="method">
                <div class="method-content">
                  <a name="run(TS_DealDBDeletion, DBDeal, Deal Deletion from DB)">
                  </a> <!-- run(TS_DealDBDeletion, DBDeal, Deal Deletion from DB) -->
                  <span class="method-name">run</span>
                  <span class="parameters">(TS_DealDBDeletion, DBDeal, Deal Deletion from DB)</span>
                  <div class="stack-trace">org.openqa.selenium.WebDriverException: Timed out waiting for driver server to start.
Build info: version: &apos;3.11.0&apos;, revision: &apos;e59cfb3&apos;, time: &apos;2018-03-11T20:26:55.152Z&apos;
System info: host: &apos;NBCUWFD-819597&apos;, ip: &apos;100.122.38.72&apos;, os.name: &apos;Windows 7&apos;, os.arch: &apos;x86&apos;, os.version: &apos;6.1&apos;, java.version: &apos;1.8.0_77&apos;
Driver info: driver.version: ChromeDriver
	at org.openqa.selenium.remote.service.DriverService.waitUntilAvailable(DriverService.java:192)
	at org.openqa.selenium.remote.service.DriverService.start(DriverService.java:178)
	at org.openqa.selenium.remote.service.DriverCommandExecutor.execute(DriverCommandExecutor.java:79)
	at org.openqa.selenium.remote.RemoteWebDriver.execute(RemoteWebDriver.java:545)
	at org.openqa.selenium.remote.RemoteWebDriver.startSession(RemoteWebDriver.java:209)
	at org.openqa.selenium.remote.RemoteWebDriver.&lt;init&gt;(RemoteWebDriver.java:132)
	at org.openqa.selenium.chrome.ChromeDriver.&lt;init&gt;(ChromeDriver.java:181)
	at org.openqa.selenium.chrome.ChromeDriver.&lt;init&gt;(ChromeDriver.java:168)
	at org.openqa.selenium.chrome.ChromeDriver.&lt;init&gt;(ChromeDriver.java:123)
	at sat.test.automation.core.SuperScript.createWebDriverInstance(SuperScript.java:160)
	at sat.test.automation.scripts.AGScriptRunner.run(AGScriptRunner.java:66)
Caused by: org.openqa.selenium.net.UrlChecker$TimeoutException: Timed out waiting for [http://localhost:47799/status] to be available after 20006 ms
	at org.openqa.selenium.net.UrlChecker.waitUntilAvailable(UrlChecker.java:100)
	at org.openqa.selenium.remote.service.DriverService.waitUntilAvailable(DriverService.java:187)
	... 35 more
Caused by: java.util.concurrent.TimeoutException
	at java.util.concurrent.FutureTask.get(FutureTask.java:205)
	at com.google.common.util.concurrent.SimpleTimeLimiter.callWithTimeout(SimpleTimeLimiter.java:148)
	at org.openqa.selenium.net.UrlChecker.waitUntilAvailable(UrlChecker.java:75)
	... 36 more
... Removed 25 stack frames
</div> <!-- stack-trace -->
                </div> <!-- method-content -->
              </div> <!-- method -->
              <div class="method">
                <div class="method-content">
                  <a name="run(TS_Workaround, Workaround, Workaround for Deal deletion in AgencyGateway)">
                  </a> <!-- run(TS_Workaround, Workaround, Workaround for Deal deletion in AgencyGateway) -->
                  <span class="method-name">run</span>
                  <span class="parameters">(TS_Workaround, Workaround, Workaround for Deal deletion in AgencyGateway)</span>
                  <div class="stack-trace">java.lang.AssertionError: Error while creating the web element instance : org.openqa.selenium.NoSuchElementException: no such element: Unable to locate element: {&quot;method&quot;:&quot;xpath&quot;,&quot;selector&quot;:&quot;//ul[1]/li[1]/div/div[1]/div/div/div/h3&quot;}
  (Session info: chrome=65.0.3325.181)
  (Driver info: chromedriver=2.37.543627 (63642262d9fb93fb4ab52398be4286d844092a5e),platform=Windows NT 6.1.7601 SP1 x86) (WARNING: The server did not provide any stacktrace information)
Command duration or timeout: 0 milliseconds
For documentation on this error, please visit: http://seleniumhq.org/exceptions/no_such_element.html
Build info: version: &apos;3.11.0&apos;, revision: &apos;e59cfb3&apos;, time: &apos;2018-03-11T20:26:55.152Z&apos;
System info: host: &apos;NBCUWFD-819597&apos;, ip: &apos;100.122.38.72&apos;, os.name: &apos;Windows 7&apos;, os.arch: &apos;x86&apos;, os.version: &apos;6.1&apos;, java.version: &apos;1.8.0_77&apos;
Driver info: org.openqa.selenium.chrome.ChromeDriver
Capabilities {acceptInsecureCerts: false, acceptSslCerts: false, applicationCacheEnabled: false, browserConnectionEnabled: false, browserName: chrome, chrome: {chromedriverVersion: 2.37.543627 (63642262d9fb93..., userDataDir: C:\Users\sv819597\AppData\L...}, cssSelectorsEnabled: true, databaseEnabled: false, handlesAlerts: true, hasTouchScreen: false, javascriptEnabled: true, locationContextEnabled: true, mobileEmulationEnabled: false, nativeEvents: true, networkConnectionEnabled: false, pageLoadStrategy: normal, platform: XP, platformName: XP, rotatable: false, setWindowRect: true, takesHeapSnapshot: true, takesScreenshot: true, unexpectedAlertBehaviour: , unhandledPromptBehavior: , version: 65.0.3325.181, webStorageEnabled: true}
Session ID: 1ef0bcdef196912f7d710f8ef28e566a
*** Element info: {Using=xpath, value=//ul[1]/li[1]/div/div[1]/div/div/div/h3}
	at sat.test.automation.core.SuperScript.verifyDriver(SuperScript.java:2317)
	at sat.test.automation.scripts.BaseScriptRunner.executeTestData(BaseScriptRunner.java:51)
	at sat.test.automation.scripts.AGScriptRunner.run(AGScriptRunner.java:101)
... Removed 26 stack frames
</div> <!-- stack-trace -->
                </div> <!-- method-content -->
              </div> <!-- method -->
              <div class="method">
                <div class="method-content">
                  <a name="run(TS_UserAssignmentCreation_02, UserAssignment, User Assignment Creation)">
                  </a> <!-- run(TS_UserAssignmentCreation_02, UserAssignment, User Assignment Creation) -->
                  <span class="method-name">run</span>
                  <span class="parameters">(TS_UserAssignmentCreation_02, UserAssignment, User Assignment Creation)</span>
                  <div class="stack-trace">org.openqa.selenium.WebDriverException: Timed out waiting for driver server to start.
Build info: version: &apos;3.11.0&apos;, revision: &apos;e59cfb3&apos;, time: &apos;2018-03-11T20:26:55.152Z&apos;
System info: host: &apos;NBCUWFD-819597&apos;, ip: &apos;100.122.38.72&apos;, os.name: &apos;Windows 7&apos;, os.arch: &apos;x86&apos;, os.version: &apos;6.1&apos;, java.version: &apos;1.8.0_77&apos;
Driver info: driver.version: ChromeDriver
	at org.openqa.selenium.remote.service.DriverService.waitUntilAvailable(DriverService.java:192)
	at org.openqa.selenium.remote.service.DriverService.start(DriverService.java:178)
	at org.openqa.selenium.remote.service.DriverCommandExecutor.execute(DriverCommandExecutor.java:79)
	at org.openqa.selenium.remote.RemoteWebDriver.execute(RemoteWebDriver.java:545)
	at org.openqa.selenium.remote.RemoteWebDriver.startSession(RemoteWebDriver.java:209)
	at org.openqa.selenium.remote.RemoteWebDriver.&lt;init&gt;(RemoteWebDriver.java:132)
	at org.openqa.selenium.chrome.ChromeDriver.&lt;init&gt;(ChromeDriver.java:181)
	at org.openqa.selenium.chrome.ChromeDriver.&lt;init&gt;(ChromeDriver.java:168)
	at org.openqa.selenium.chrome.ChromeDriver.&lt;init&gt;(ChromeDriver.java:123)
	at sat.test.automation.core.SuperScript.createWebDriverInstance(SuperScript.java:160)
	at sat.test.automation.scripts.AGScriptRunner.run(AGScriptRunner.java:66)
Caused by: org.openqa.selenium.net.UrlChecker$TimeoutException: Timed out waiting for [http://localhost:25788/status] to be available after 20002 ms
	at org.openqa.selenium.net.UrlChecker.waitUntilAvailable(UrlChecker.java:100)
	at org.openqa.selenium.remote.service.DriverService.waitUntilAvailable(DriverService.java:187)
	... 35 more
Caused by: java.util.concurrent.TimeoutException
	at java.util.concurrent.FutureTask.get(FutureTask.java:205)
	at com.google.common.util.concurrent.SimpleTimeLimiter.callWithTimeout(SimpleTimeLimiter.java:148)
	at org.openqa.selenium.net.UrlChecker.waitUntilAvailable(UrlChecker.java:75)
	... 36 more
... Removed 25 stack frames
</div> <!-- stack-trace -->
                </div> <!-- method-content -->
              </div> <!-- method -->
              <div class="method">
                <div class="method-content">
                  <a name="run(TS_UserAssignmentBatchDeletion, UserAssignment, User Assignment Batch Deletion.)">
                  </a> <!-- run(TS_UserAssignmentBatchDeletion, UserAssignment, User Assignment Batch Deletion.) -->
                  <span class="method-name">run</span>
                  <span class="parameters">(TS_UserAssignmentBatchDeletion, UserAssignment, User Assignment Batch Deletion.)</span>
                  <div class="stack-trace">java.lang.AssertionError: Error while creating webdriver element for the OR property : id=collection_selection_toggle_all
	at sat.test.automation.core.SuperScript.actionDriver(SuperScript.java:367)
	at sat.test.automation.scripts.BaseScriptRunner.executeTestData(BaseScriptRunner.java:48)
	at sat.test.automation.scripts.AGScriptRunner.run(AGScriptRunner.java:101)
Caused by: org.openqa.selenium.NoSuchElementException: no such element: Unable to locate element: {&quot;method&quot;:&quot;id&quot;,&quot;selector&quot;:&quot;collection_selection_toggle_all&quot;}
  (Session info: chrome=65.0.3325.181)
  (Driver info: chromedriver=2.37.543627 (63642262d9fb93fb4ab52398be4286d844092a5e),platform=Windows NT 6.1.7601 SP1 x86) (WARNING: The server did not provide any stacktrace information)
Command duration or timeout: 0 milliseconds
For documentation on this error, please visit: http://seleniumhq.org/exceptions/no_such_element.html
Build info: version: &apos;3.11.0&apos;, revision: &apos;e59cfb3&apos;, time: &apos;2018-03-11T20:26:55.152Z&apos;
System info: host: &apos;NBCUWFD-819597&apos;, ip: &apos;100.122.38.72&apos;, os.name: &apos;Windows 7&apos;, os.arch: &apos;x86&apos;, os.version: &apos;6.1&apos;, java.version: &apos;1.8.0_77&apos;
Driver info: org.openqa.selenium.chrome.ChromeDriver
Capabilities {acceptInsecureCerts: false, acceptSslCerts: false, applicationCacheEnabled: false, browserConnectionEnabled: false, browserName: chrome, chrome: {chromedriverVersion: 2.37.543627 (63642262d9fb93..., userDataDir: C:\Users\sv819597\AppData\L...}, cssSelectorsEnabled: true, databaseEnabled: false, handlesAlerts: true, hasTouchScreen: false, javascriptEnabled: true, locationContextEnabled: true, mobileEmulationEnabled: false, nativeEvents: true, networkConnectionEnabled: false, pageLoadStrategy: normal, platform: XP, platformName: XP, rotatable: false, setWindowRect: true, takesHeapSnapshot: true, takesScreenshot: true, unexpectedAlertBehaviour: , unhandledPromptBehavior: , version: 65.0.3325.181, webStorageEnabled: true}
Session ID: 7eda22db8f37271c10bc1f2958c07eb4
*** Element info: {Using=id, value=collection_selection_toggle_all}
	at org.openqa.selenium.remote.ErrorHandler.createThrowable(ErrorHandler.java:214)
	at org.openqa.selenium.remote.ErrorHandler.throwIfResponseFailed(ErrorHandler.java:166)
	at org.openqa.selenium.remote.http.JsonHttpResponseCodec.reconstructValue(JsonHttpResponseCodec.java:40)
	at org.openqa.selenium.remote.http.AbstractHttpResponseCodec.decode(AbstractHttpResponseCodec.java:80)
	at org.openqa.selenium.remote.http.AbstractHttpResponseCodec.decode(AbstractHttpResponseCodec.java:44)
	at org.openqa.selenium.remote.HttpCommandExecutor.execute(HttpCommandExecutor.java:158)
	at org.openqa.selenium.remote.service.DriverCommandExecutor.execute(DriverCommandExecutor.java:83)
	at org.openqa.selenium.remote.RemoteWebDriver.execute(RemoteWebDriver.java:545)
	at org.openqa.selenium.remote.RemoteWebDriver.findElement(RemoteWebDriver.java:319)
	at org.openqa.selenium.remote.RemoteWebDriver.findElementById(RemoteWebDriver.java:365)
	at org.openqa.selenium.By$ById.findElement(By.java:218)
	at org.openqa.selenium.remote.RemoteWebDriver.findElement(RemoteWebDriver.java:311)
	at sat.test.automation.core.SuperScript.actionDriver(SuperScript.java:300)
	... 27 more
... Removed 30 stack frames
</div> <!-- stack-trace -->
                </div> <!-- method-content -->
              </div> <!-- method -->
              <div class="method">
                <div class="method-content">
                  <a name="run(TS_FinalApprovePageVerify_01, FinalApprovePageVerify, Verifying Layout of AgencyGateway screen.)">
                  </a> <!-- run(TS_FinalApprovePageVerify_01, FinalApprovePageVerify, Verifying Layout of AgencyGateway screen.) -->
                  <span class="method-name">run</span>
                  <span class="parameters">(TS_FinalApprovePageVerify_01, FinalApprovePageVerify, Verifying Layout of AgencyGateway screen.)</span>
                  <div class="stack-trace">java.lang.AssertionError: Error while performating action Upfront for the field MarketPalceList on the AgencyGateway screen
	at sat.test.automation.core.SuperScript.actionDriver(SuperScript.java:2225)
	at sat.test.automation.scripts.BaseScriptRunner.executeTestData(BaseScriptRunner.java:48)
	at sat.test.automation.scripts.AGScriptRunner.run(AGScriptRunner.java:101)
  (Session info: chrome=65.0.3325.181)
  (Driver info: chromedriver=2.37.543627 (63642262d9fb93fb4ab52398be4286d844092a5e),platform=Windows NT 6.1.7601 SP1 x86) (WARNING: The server did not provide any stacktrace information)
Command duration or timeout: 0 milliseconds
Build info: version: &apos;3.11.0&apos;, revision: &apos;e59cfb3&apos;, time: &apos;2018-03-11T20:26:55.152Z&apos;
System info: host: &apos;NBCUWFD-819597&apos;, ip: &apos;100.122.38.72&apos;, os.name: &apos;Windows 7&apos;, os.arch: &apos;x86&apos;, os.version: &apos;6.1&apos;, java.version: &apos;1.8.0_77&apos;
Driver info: org.openqa.selenium.chrome.ChromeDriver
Capabilities {acceptInsecureCerts: false, acceptSslCerts: false, applicationCacheEnabled: false, browserConnectionEnabled: false, browserName: chrome, chrome: {chromedriverVersion: 2.37.543627 (63642262d9fb93..., userDataDir: C:\Users\sv819597\AppData\L...}, cssSelectorsEnabled: true, databaseEnabled: false, handlesAlerts: true, hasTouchScreen: false, javascriptEnabled: true, locationContextEnabled: true, mobileEmulationEnabled: false, nativeEvents: true, networkConnectionEnabled: false, pageLoadStrategy: normal, platform: XP, platformName: XP, rotatable: false, setWindowRect: true, takesHeapSnapshot: true, takesScreenshot: true, unexpectedAlertBehaviour: , unhandledPromptBehavior: , version: 65.0.3325.181, webStorageEnabled: true}
Session ID: cd80e7021818a72ba718b03d3c8ea991
	at org.openqa.selenium.remote.ErrorHandler.createThrowable(ErrorHandler.java:214)
	at org.openqa.selenium.remote.ErrorHandler.throwIfResponseFailed(ErrorHandler.java:166)
	at org.openqa.selenium.remote.http.JsonHttpResponseCodec.reconstructValue(JsonHttpResponseCodec.java:40)
	at org.openqa.selenium.remote.http.AbstractHttpResponseCodec.decode(AbstractHttpResponseCodec.java:80)
	at org.openqa.selenium.remote.http.AbstractHttpResponseCodec.decode(AbstractHttpResponseCodec.java:44)
	at org.openqa.selenium.remote.HttpCommandExecutor.execute(HttpCommandExecutor.java:158)
	at org.openqa.selenium.remote.service.DriverCommandExecutor.execute(DriverCommandExecutor.java:83)
	at org.openqa.selenium.remote.RemoteWebDriver.execute(RemoteWebDriver.java:545)
	at org.openqa.selenium.remote.RemoteWebElement.execute(RemoteWebElement.java:279)
	at org.openqa.selenium.remote.RemoteWebElement.click(RemoteWebElement.java:83)
	at sat.test.automation.core.SuperScript.actionDriver(SuperScript.java:609)
	... 27 more
... Removed 31 stack frames
</div> <!-- stack-trace -->
                </div> <!-- method-content -->
              </div> <!-- method -->
            </div> <!-- main-panel-content rounded-window-bottom -->
          </div> <!-- suite-AG_Automation_-_Regression_Suite-class-failed -->
          <div class="suite-AG_Automation_-_Regression_Suite-class-passed">
            <div class="main-panel-header rounded-window-top">
              <img src="passed.png"/>
              <span class="class-name">sat.test.automation.scripts.AGScriptRunner</span>
            </div> <!-- main-panel-header rounded-window-top -->
            <div class="main-panel-content rounded-window-bottom">
              <div class="method">
                <div class="method-content">
                  <a name="run(TS_UserAssignmentBatchDeletion, UserAssignment, User Assignment Batch Deletion.)">
                  </a> <!-- run(TS_UserAssignmentBatchDeletion, UserAssignment, User Assignment Batch Deletion.) -->
                  <span class="method-name">run</span>
                  <span class="parameters">(TS_UserAssignmentBatchDeletion, UserAssignment, User Assignment Batch Deletion.)</span>
                </div> <!-- method-content -->
              </div> <!-- method -->
            </div> <!-- main-panel-content rounded-window-bottom -->
          </div> <!-- suite-AG_Automation_-_Regression_Suite-class-passed -->
        </div> <!-- panel AG_Automation_-_Regression_Suite -->
        <div panel-name="test-xml-AG_Automation_-_Regression_Suite" class="panel">
          <div class="main-panel-header rounded-window-top">
            <span class="header-content">C:\dev\views\PAM-Automation-master\SATFramework\testng.xml</span>
          </div> <!-- main-panel-header rounded-window-top -->
          <div class="main-panel-content rounded-window-bottom">
            <pre>
&lt;?xml version=&quot;1.0&quot; encoding=&quot;UTF-8&quot;?&gt;
&lt;!DOCTYPE suite SYSTEM &quot;http://testng.org/testng-1.0.dtd&quot;&gt;
&lt;suite guice-stage=&quot;DEVELOPMENT&quot; name=&quot;AG Automation - Regression Suite&quot;&gt;
  &lt;listeners&gt;
    &lt;listener class-name=&quot;sat.test.automation.utils.CustomListener&quot;/&gt;
  &lt;/listeners&gt;
  &lt;test thread-count=&quot;5&quot; name=&quot;AG Regression Script Execution&quot;&gt;
    &lt;classes&gt;
      &lt;class name=&quot;sat.test.automation.scripts.AGScriptRunner&quot;/&gt;
    &lt;/classes&gt;
  &lt;/test&gt; &lt;!-- AG Regression Script Execution --&gt;
&lt;/suite&gt; &lt;!-- AG Automation - Regression Suite --&gt;
            </pre>
          </div> <!-- main-panel-content rounded-window-bottom -->
        </div> <!-- panel -->
        <div panel-name="testlist-AG_Automation_-_Regression_Suite" class="panel">
          <div class="main-panel-header rounded-window-top">
            <span class="header-content">Tests for AG Automation - Regression Suite</span>
          </div> <!-- main-panel-header rounded-window-top -->
          <div class="main-panel-content rounded-window-bottom">
            <ul>
              <li>
                <span class="test-name">AG Regression Script Execution (1 class)</span>
              </li>
            </ul>
          </div> <!-- main-panel-content rounded-window-bottom -->
        </div> <!-- panel -->
        <div panel-name="group-AG_Automation_-_Regression_Suite" class="panel">
          <div class="main-panel-header rounded-window-top">
            <span class="header-content">Groups for AG Automation - Regression Suite</span>
          </div> <!-- main-panel-header rounded-window-top -->
          <div class="main-panel-content rounded-window-bottom">
          </div> <!-- main-panel-content rounded-window-bottom -->
        </div> <!-- panel -->
        <div panel-name="times-AG_Automation_-_Regression_Suite" class="panel">
          <div class="main-panel-header rounded-window-top">
            <span class="header-content">Times for AG Automation - Regression Suite</span>
          </div> <!-- main-panel-header rounded-window-top -->
          <div class="main-panel-content rounded-window-bottom">
            <div class="times-div">
              <script type="text/javascript">
suiteTableInitFunctions.push('tableData_AG_Automation_-_Regression_Suite');
function tableData_AG_Automation_-_Regression_Suite() {
var data = new google.visualization.DataTable();
data.addColumn('number', 'Number');
data.addColumn('string', 'Method');
data.addColumn('string', 'Class');
data.addColumn('number', 'Time (ms)');
data.addRows(6);
data.setCell(0, 0, 0)
data.setCell(0, 1, 'run')
data.setCell(0, 2, 'sat.test.automation.scripts.AGScriptRunner')
data.setCell(0, 3, 211135);
data.setCell(1, 0, 1)
data.setCell(1, 1, 'run')
data.setCell(1, 2, 'sat.test.automation.scripts.AGScriptRunner')
data.setCell(1, 3, 179842);
data.setCell(2, 0, 2)
data.setCell(2, 1, 'run')
data.setCell(2, 2, 'sat.test.automation.scripts.AGScriptRunner')
data.setCell(2, 3, 161601);
data.setCell(3, 0, 3)
data.setCell(3, 1, 'run')
data.setCell(3, 2, 'sat.test.automation.scripts.AGScriptRunner')
data.setCell(3, 3, 135608);
data.setCell(4, 0, 4)
data.setCell(4, 1, 'run')
data.setCell(4, 2, 'sat.test.automation.scripts.AGScriptRunner')
data.setCell(4, 3, 21559);
data.setCell(5, 0, 5)
data.setCell(5, 1, 'run')
data.setCell(5, 2, 'sat.test.automation.scripts.AGScriptRunner')
data.setCell(5, 3, 21528);
window.suiteTableData['AG_Automation_-_Regression_Suite']= { tableData: data, tableDiv: 'times-div-AG_Automation_-_Regression_Suite'}
return data;
}
              </script>
              <span class="suite-total-time">Total running time: 12 minutes</span>
              <div id="times-div-AG_Automation_-_Regression_Suite">
              </div> <!-- times-div-AG_Automation_-_Regression_Suite -->
            </div> <!-- times-div -->
          </div> <!-- main-panel-content rounded-window-bottom -->
        </div> <!-- panel -->
        <div panel-name="reporter-AG_Automation_-_Regression_Suite" class="panel">
          <div class="main-panel-header rounded-window-top">
            <span class="header-content">Reporter output for AG Automation - Regression Suite</span>
          </div> <!-- main-panel-header rounded-window-top -->
          <div class="main-panel-content rounded-window-bottom">
            <div class="reporter-method-div">
              <span class="reporter-method-name">run(TS_UserAssignmentBatchDeletion, UserAssignment, User Assignment Batch Deletion.)</span>
              <div class="reporter-method-output-div">
                <span class="reporter-method-output">Successfully entered the value 206472015 in the TextBox SSO ID on the screen Login Screen</span>
                <span class="reporter-method-output">Successfully entered the value **********  in the TextBox Password on the screen Login Screen</span>
                <span class="reporter-method-output">Successfully clicked the Login Button Button on the screen Login Screen</span>
                <span class="reporter-method-output">Sleep Inititated for 15000ms</span>
                <span class="reporter-method-output">Successfully clicked the link Admin on the screen WelCome</span>
                <span class="reporter-method-output">Successfully Minimize  Minimize on the screen WelCome</span>
                <span class="reporter-method-output">Successfully hovered over the value 'USERS' within the option 'UserInfo' on the screen 'AdminTabs</span>
                <span class="reporter-method-output">Sleep Inititated for 5000ms</span>
                <span class="reporter-method-output">Successfully selected the value Equals in the ListBox FilterSSO on the screen Admin</span>
                <span class="reporter-method-output">Successfully entered the value 206472015 in the TextBox FilterSsoTextBox on the screen Admin</span>
                <span class="reporter-method-output">Successfully clicked the FilterButton Button on the screen Admin</span>
                <span class="reporter-method-output">Sleep Inititated for 2000ms</span>
                <span class="reporter-method-output">Successfully clicked the link UserAssignments on the screen Admin</span>
                <span class="reporter-method-output">Sleep Inititated for 5000ms</span>
                <span class="reporter-method-output">Current Checkbox State for the field BatchSelection is - false</span>
                <span class="reporter-method-output">Expected Checkbox State for the field BatchSelection is - Yes</span>
                <span class="reporter-method-output">Successfully checked the checkBox BatchSelection on the screen Admin</span>
                <span class="reporter-method-output">Successfully clicked the BatchActions Button on the screen Admin</span>
                <span class="reporter-method-output">Successfully clicked the BatchDelete Button on the screen Admin</span>
              </div> <!-- reporter-method-output-div -->
            </div> <!-- reporter-method-div -->
            <div class="reporter-method-div">
              <span class="reporter-method-name">run(TS_Workaround, Workaround, Workaround for Deal deletion in AgencyGateway)</span>
              <div class="reporter-method-output-div">
                <span class="reporter-method-output">Successfully entered the value 206472015 in the TextBox SSO ID on the screen Login Screen</span>
                <span class="reporter-method-output">Successfully entered the value **********  in the TextBox Password on the screen Login Screen</span>
                <span class="reporter-method-output">Successfully clicked the Login Button Button on the screen Login Screen</span>
                <span class="reporter-method-output">Successfully clicked the link PortalManagement on the screen WelCome</span>
                <span class="reporter-method-output">Successfully selected the value 2017/2018 in the ListBox FilterByYear on the screen PortalChecklist</span>
                <span class="reporter-method-output">Successfully selected the value Upfront in the ListBox FilterByMarketplace on the screen PortalChecklist</span>
                <span class="reporter-method-output">Successfully entered the value Carat Family in the TextBox SearchField on the screen PortalChecklist</span>
                <span class="reporter-method-output">Successfully clicked the Search Button on the screen PortalChecklist</span>
                <span class="reporter-method-output">Sleep Inititated for 5000ms</span>
                <span class="reporter-method-output">org.openqa.selenium.NoSuchElementException: no such element: Unable to locate element: {"method":"xpath","selector":"//ul[1]/li[1]/div/div[1]/div/div/div/h3"}
  (Session info: chrome=65.0.3325.181)
  (Driver info: chromedriver=2.37.543627 (63642262d9fb93fb4ab52398be4286d844092a5e),platform=Windows NT 6.1.7601 SP1 x86) (WARNING: The server did not provide any stacktrace information)
Command duration or timeout: 0 milliseconds
For documentation on this error, please visit: http://seleniumhq.org/exceptions/no_such_element.html
Build info: version: '3.11.0', revision: 'e59cfb3', time: '2018-03-11T20:26:55.152Z'
System info: host: 'NBCUWFD-819597', ip: '100.122.38.72', os.name: 'Windows 7', os.arch: 'x86', os.version: '6.1', java.version: '1.8.0_77'
Driver info: org.openqa.selenium.chrome.ChromeDriver
Capabilities {acceptInsecureCerts: false, acceptSslCerts: false, applicationCacheEnabled: false, browserConnectionEnabled: false, browserName: chrome, chrome: {chromedriverVersion: 2.37.543627 (63642262d9fb93..., userDataDir: C:\Users\sv819597\AppData\L...}, cssSelectorsEnabled: true, databaseEnabled: false, handlesAlerts: true, hasTouchScreen: false, javascriptEnabled: true, locationContextEnabled: true, mobileEmulationEnabled: false, nativeEvents: true, networkConnectionEnabled: false, pageLoadStrategy: normal, platform: XP, platformName: XP, rotatable: false, setWindowRect: true, takesHeapSnapshot: true, takesScreenshot: true, unexpectedAlertBehaviour: , unhandledPromptBehavior: , version: 65.0.3325.181, webStorageEnabled: true}
Session ID: 1ef0bcdef196912f7d710f8ef28e566a
*** Element info: {Using=xpath, value=//ul[1]/li[1]/div/div[1]/div/div/div/h3}</span>
                <span class="reporter-method-output">org.openqa.selenium.NoSuchElementException: no such element: Unable to locate element: {"method":"xpath","selector":"//ul[1]/li[1]/div/div[1]/div/div/div/h3"}
  (Session info: chrome=65.0.3325.181)
  (Driver info: chromedriver=2.37.543627 (63642262d9fb93fb4ab52398be4286d844092a5e),platform=Windows NT 6.1.7601 SP1 x86) (WARNING: The server did not provide any stacktrace information)
Command duration or timeout: 0 milliseconds
For documentation on this error, please visit: http://seleniumhq.org/exceptions/no_such_element.html
Build info: version: '3.11.0', revision: 'e59cfb3', time: '2018-03-11T20:26:55.152Z'
System info: host: 'NBCUWFD-819597', ip: '100.122.38.72', os.name: 'Windows 7', os.arch: 'x86', os.version: '6.1', java.version: '1.8.0_77'
Driver info: org.openqa.selenium.chrome.ChromeDriver
Capabilities {acceptInsecureCerts: false, acceptSslCerts: false, applicationCacheEnabled: false, browserConnectionEnabled: false, browserName: chrome, chrome: {chromedriverVersion: 2.37.543627 (63642262d9fb93..., userDataDir: C:\Users\sv819597\AppData\L...}, cssSelectorsEnabled: true, databaseEnabled: false, handlesAlerts: true, hasTouchScreen: false, javascriptEnabled: true, locationContextEnabled: true, mobileEmulationEnabled: false, nativeEvents: true, networkConnectionEnabled: false, pageLoadStrategy: normal, platform: XP, platformName: XP, rotatable: false, setWindowRect: true, takesHeapSnapshot: true, takesScreenshot: true, unexpectedAlertBehaviour: , unhandledPromptBehavior: , version: 65.0.3325.181, webStorageEnabled: true}
Session ID: 1ef0bcdef196912f7d710f8ef28e566a
*** Element info: {Using=xpath, value=//ul[1]/li[1]/div/div[1]/div/div/div/h3}</span>
              </div> <!-- reporter-method-output-div -->
            </div> <!-- reporter-method-div -->
            <div class="reporter-method-div">
              <span class="reporter-method-name">run(TS_UserAssignmentBatchDeletion, UserAssignment, User Assignment Batch Deletion.)</span>
              <div class="reporter-method-output-div">
                <span class="reporter-method-output">Successfully entered the value 206472015 in the TextBox SSO ID on the screen Login Screen</span>
                <span class="reporter-method-output">Successfully entered the value **********  in the TextBox Password on the screen Login Screen</span>
                <span class="reporter-method-output">Successfully clicked the Login Button Button on the screen Login Screen</span>
                <span class="reporter-method-output">Sleep Inititated for 15000ms</span>
                <span class="reporter-method-output">Successfully clicked the link Admin on the screen WelCome</span>
                <span class="reporter-method-output">Successfully Minimize  Minimize on the screen WelCome</span>
                <span class="reporter-method-output">Successfully hovered over the value 'USERS' within the option 'UserInfo' on the screen 'AdminTabs</span>
                <span class="reporter-method-output">Sleep Inititated for 5000ms</span>
                <span class="reporter-method-output">Successfully selected the value Equals in the ListBox FilterSSO on the screen Admin</span>
                <span class="reporter-method-output">Successfully entered the value 206472015 in the TextBox FilterSsoTextBox on the screen Admin</span>
                <span class="reporter-method-output">Successfully clicked the FilterButton Button on the screen Admin</span>
                <span class="reporter-method-output">Sleep Inititated for 2000ms</span>
                <span class="reporter-method-output">Successfully clicked the link UserAssignments on the screen Admin</span>
                <span class="reporter-method-output">Sleep Inititated for 5000ms</span>
                <span class="reporter-method-output">org.openqa.selenium.NoSuchElementException: no such element: Unable to locate element: {"method":"id","selector":"collection_selection_toggle_all"}
  (Session info: chrome=65.0.3325.181)
  (Driver info: chromedriver=2.37.543627 (63642262d9fb93fb4ab52398be4286d844092a5e),platform=Windows NT 6.1.7601 SP1 x86) (WARNING: The server did not provide any stacktrace information)
Command duration or timeout: 0 milliseconds
For documentation on this error, please visit: http://seleniumhq.org/exceptions/no_such_element.html
Build info: version: '3.11.0', revision: 'e59cfb3', time: '2018-03-11T20:26:55.152Z'
System info: host: 'NBCUWFD-819597', ip: '100.122.38.72', os.name: 'Windows 7', os.arch: 'x86', os.version: '6.1', java.version: '1.8.0_77'
Driver info: org.openqa.selenium.chrome.ChromeDriver
Capabilities {acceptInsecureCerts: false, acceptSslCerts: false, applicationCacheEnabled: false, browserConnectionEnabled: false, browserName: chrome, chrome: {chromedriverVersion: 2.37.543627 (63642262d9fb93..., userDataDir: C:\Users\sv819597\AppData\L...}, cssSelectorsEnabled: true, databaseEnabled: false, handlesAlerts: true, hasTouchScreen: false, javascriptEnabled: true, locationContextEnabled: true, mobileEmulationEnabled: false, nativeEvents: true, networkConnectionEnabled: false, pageLoadStrategy: normal, platform: XP, platformName: XP, rotatable: false, setWindowRect: true, takesHeapSnapshot: true, takesScreenshot: true, unexpectedAlertBehaviour: , unhandledPromptBehavior: , version: 65.0.3325.181, webStorageEnabled: true}
Session ID: 7eda22db8f37271c10bc1f2958c07eb4
*** Element info: {Using=id, value=collection_selection_toggle_all}</span>
              </div> <!-- reporter-method-output-div -->
            </div> <!-- reporter-method-div -->
            <div class="reporter-method-div">
              <span class="reporter-method-name">run(TS_FinalApprovePageVerify_01, FinalApprovePageVerify, Verifying Layout of AgencyGateway screen.)</span>
              <div class="reporter-method-output-div">
                <span class="reporter-method-output">Successfully entered the value 206472015 in the TextBox SSO ID on the screen Login Screen</span>
                <span class="reporter-method-output">Successfully entered the value **********  in the TextBox Password on the screen Login Screen</span>
                <span class="reporter-method-output">Successfully clicked the Login Button Button on the screen Login Screen</span>
                <span class="reporter-method-output">Successfully clicked the link UserProfile on the screen WelCome</span>
                <span class="reporter-method-output">Successfully clicked the link Signout on the screen WelCome</span>
                <span class="reporter-method-output">Sleep Inititated for 3000ms</span>
                <span class="reporter-method-output">Sleep Inititated for 5000ms</span>
                <span class="reporter-method-output">Successfully entered the value 206472015 in the TextBox SSO ID on the screen Login</span>
                <span class="reporter-method-output">Successfully entered the value feb@2018 in the TextBox Password on the screen Login</span>
                <span class="reporter-method-output">Successfully clicked the SignIn Button on the screen Login</span>
                <span class="reporter-method-output">Sleep Inititated for 10000ms</span>
                <span class="reporter-method-output">Sleep Inititated for 5000ms</span>
                <span class="reporter-method-output">Error while performating action Upfront for the field MarketPalceList on the AgencyGateway screen</span>
              </div> <!-- reporter-method-output-div -->
            </div> <!-- reporter-method-div -->
          </div> <!-- main-panel-content rounded-window-bottom -->
        </div> <!-- panel -->
        <div panel-name="ignored-methods-AG_Automation_-_Regression_Suite" class="panel">
          <div class="main-panel-header rounded-window-top">
            <span class="header-content">0 ignored methods</span>
          </div> <!-- main-panel-header rounded-window-top -->
          <div class="main-panel-content rounded-window-bottom">
          </div> <!-- main-panel-content rounded-window-bottom -->
        </div> <!-- panel -->
        <div panel-name="chronological-AG_Automation_-_Regression_Suite" class="panel">
          <div class="main-panel-header rounded-window-top">
            <span class="header-content">Methods in chronological order</span>
          </div> <!-- main-panel-header rounded-window-top -->
          <div class="main-panel-content rounded-window-bottom">
            <div class="chronological-class">
              <div class="chronological-class-name">sat.test.automation.scripts.AGScriptRunner</div> <!-- chronological-class-name -->
              <div class="test-method">
                <span class="method-name">run(TS_UserAssignmentBatchDeletion, UserAssignment, User Assignment Batch Deletion.)</span>
                <span class="method-start">0 ms</span>
              </div> <!-- test-method -->
              <div class="test-method">
                <img src="failed.png">
                </img>
                <span class="method-name">run(TS_DealDBDeletion, DBDeal, Deal Deletion from DB)</span>
                <span class="method-start">211150 ms</span>
              </div> <!-- test-method -->
              <div class="test-method">
                <img src="failed.png">
                </img>
                <span class="method-name">run(TS_UserAssignmentCreation_02, UserAssignment, User Assignment Creation)</span>
                <span class="method-start">232725 ms</span>
              </div> <!-- test-method -->
              <div class="test-method">
                <img src="failed.png">
                </img>
                <span class="method-name">run(TS_Workaround, Workaround, Workaround for Deal deletion in AgencyGateway)</span>
                <span class="method-start">254253 ms</span>
              </div> <!-- test-method -->
              <div class="test-method">
                <img src="failed.png">
                </img>
                <span class="method-name">run(TS_UserAssignmentBatchDeletion, UserAssignment, User Assignment Batch Deletion.)</span>
                <span class="method-start">389861 ms</span>
              </div> <!-- test-method -->
              <div class="test-method">
                <img src="failed.png">
                </img>
                <span class="method-name">run(TS_FinalApprovePageVerify_01, FinalApprovePageVerify, Verifying Layout of AgencyGateway screen.)</span>
                <span class="method-start">569703 ms</span>
              </div> <!-- test-method -->
          </div> <!-- main-panel-content rounded-window-bottom -->
        </div> <!-- panel -->
      </div> <!-- main-panel-root -->
    </div> <!-- wrapper -->
  </body>
</html>
