<?xml version="1.0" encoding="UTF-8"?>
<!-- Generated by org.testng.reporters.JUnitXMLReporter -->
<testsuite hostname="NBCUWFD-819597" name="PAM Regression Script Execution" tests="1" failures="1" timestamp="26 Apr 2017 13:08:09 GMT" time="488.485" errors="0">
  <testcase name="run" time="488.407" classname="sat.test.automation.scripts.ScriptRunner">
    <failure type="java.lang.AssertionError" message="Error while performating action Click for the field PropertyClick on the AgencyGateway screen">
      <![CDATA[java.lang.AssertionError: Error while performating action Click for the field PropertyClick on the AgencyGateway screen
	at sat.test.automation.core.SuperScript.actionDriver(SuperScript.java:2112)
	at sat.test.automation.scripts.BaseScriptRunner.executeTestData(BaseScriptRunner.java:48)
	at sat.test.automation.scripts.ScriptRunner.run(ScriptRunner.java:65)
Caused by: java.lang.NullPointerException
	at sat.test.automation.core.SuperScript.actionDriver(SuperScript.java:808)
	... 26 more
... Removed 25 stack frames]]>
    </failure>
  </testcase> <!-- run -->
</testsuite> <!-- PAM Regression Script Execution -->
